{"name": "test_tabs", "status": "failed", "statusDetails": {"message": "AssertionError: Page title expected to be 'Installation | Playwright Python'\nActual value: Installation | Playwright \nCall log:\n  - Expect \"to_have_title\" with timeout 5000ms\n    9 × unexpected value \"Installation | Playwright\"", "trace": "playwright = <playwright._impl._playwright.Playwright object at 0x00000000125B2120>\n\n    def test_tabs(playwright:Playwright):\n        browser= playwright.chromium.launch(headless=False)\n        context = browser.new_context()\n        page = context.new_page()\n    \n        page.goto(\"https://testautomationpractice.blogspot.com/\")\n        # def handle_popup(popup):\n        #     popup.wait_for_load_state()\n        #\n        # page.on(\"popup\",handle_popup)\n    \n        # page.on(\"popup\", lambda popup:popup.wait_for_load_state())\n        page.locator(\"#PopUp\").click()\n        page.wait_for_timeout(3000)\n    \n        all_popups = context.pages\n        print(\"total : \",len(all_popups))\n    \n        for popup in all_popups:\n            print(\"page url:\",popup.url)\n            if \"Playwright\" in (popup.title()):\n                popup.locator(\".getStarted_Sjon\").click()\n                popup.wait_for_timeout(3000)\n>               expect(popup).to_have_title(\"Installation | Playwright Python\")\nE               AssertionError: Page title expected to be 'Installation | Playwright Python'\nE               Actual value: Installation | Playwright \nE               Call log:\nE                 - Expect \"to_have_title\" with timeout 5000ms\nE                   9 × unexpected value \"Installation | Playwright\"\n\nday31\\test_02_tabs.py:27: AssertionError"}, "attachments": [{"name": "stdout", "source": "379b563d-031a-44a4-851f-20261c969f3f-attachment.txt", "type": "text/plain"}], "start": 1767177704111, "stop": 1767177723950, "uuid": "a8a6e461-9c99-479a-97a7-1aebe31560fd", "historyId": "bba1b1890a42e7b0fd74bad115bbde79", "testCaseId": "bba1b1890a42e7b0fd74bad115bbde79", "fullName": "day31.test_02_tabs#test_tabs", "labels": [{"name": "parentSuite", "value": "day31"}, {"name": "suite", "value": "test_02_tabs"}, {"name": "host", "value": "DESKTOP-62KL67C"}, {"name": "thread", "value": "12076-MainThread"}, {"name": "framework", "value": "pytest"}, {"name": "language", "value": "cpython3"}, {"name": "package", "value": "day31.test_02_tabs"}], "titlePath": ["day31", "test_02_tabs.py"]}