{"name": "test_tabs", "status": "failed", "statusDetails": {"message": "AssertionError: Page title expected to be 'Installation | Playwright Python'\nActual value: Installation | Playwright \nCall log:\n  - Expect \"to_have_title\" with timeout 5000ms\n    9 × unexpected value \"Installation | Playwright\"", "trace": "playwright = <playwright._impl._playwright.Playwright object at 0x0000000012669E80>\n\n    def test_tabs(playwright:Playwright):\n        browser= playwright.chromium.launch(headless=False)\n        context = browser.new_context()\n        page = context.new_page()\n    \n        page.goto(\"https://testautomationpractice.blogspot.com/\")\n    \n        # event listener\n        page.on(\"popup\", lambda p:p.wait_for_load_state())\n        page.locator(\"#PopUp\").click()\n        page.wait_for_timeout(3000)\n    \n        all_popups = context.pages\n        print(\"total : \",len(all_popups))\n    \n        for popup in all_popups:\n            print(\"page url:\",popup.url)\n            if \"Playwright\" in (popup.title()):\n                popup.locator(\".getStarted_Sjon\").click()\n                popup.wait_for_timeout(3000)\n>               expect(popup).to_have_title(\"Installation | Playwright Python\")\nE               AssertionError: Page title expected to be 'Installation | Playwright Python'\nE               Actual value: Installation | Playwright \nE               Call log:\nE                 - Expect \"to_have_title\" with timeout 5000ms\nE                   9 × unexpected value \"Installation | Playwright\"\n\nday31\\test_02_tabs.py:24: AssertionError"}, "attachments": [{"name": "stdout", "source": "f2962006-5c36-4255-9dad-25949b39e2e1-attachment.txt", "type": "text/plain"}], "start": 1767181717570, "stop": 1767181735412, "uuid": "875a8380-0c70-45fb-be80-d9aaf5fa93b7", "historyId": "bba1b1890a42e7b0fd74bad115bbde79", "testCaseId": "bba1b1890a42e7b0fd74bad115bbde79", "fullName": "day31.test_02_tabs#test_tabs", "labels": [{"name": "parentSuite", "value": "day31"}, {"name": "suite", "value": "test_02_tabs"}, {"name": "host", "value": "DESKTOP-62KL67C"}, {"name": "thread", "value": "8604-MainThread"}, {"name": "framework", "value": "pytest"}, {"name": "language", "value": "cpython3"}, {"name": "package", "value": "day31.test_02_tabs"}], "titlePath": ["day31", "test_02_tabs.py"]}