{"name": "test_bing[chromium]", "status": "failed", "statusDetails": {"message": "AssertionError: Page title expected to be 'Bing123'\nActual value: Search - Microsoft Bing \nCall log:\n  - Expect \"to_have_title\" with timeout 5000ms\n    8 × unexpected value \"Search - Microsoft Bing\"", "trace": "page = <Page url='https://www.bing.com/'>\n\n    def test_bing(page:Page):\n        page.goto(\"https://www.bing.com\")\n>       expect(page).to_have_title(\"Bing123\") # incorrect title\n        ^^^^^^^^^^^^^^^^^^^^^^^^^^^^^^^^^^^^^\nE       AssertionError: Page title expected to be 'Bing123'\nE       Actual value: Search - Microsoft Bing \nE       Call log:\nE         - Expect \"to_have_title\" with timeout 5000ms\nE           8 × unexpected value \"Search - Microsoft Bing\"\n\nday34\\test_01_sample.py:19: AssertionError"}, "parameters": [{"name": "browser_name", "value": "'chromium'"}], "start": 1767164901258, "stop": 1767164907041, "uuid": "084bd17b-c3ca-430c-b8da-b6b29b8108b8", "historyId": "669c16cd7fc5db73ab1e484294c4d351", "testCaseId": "fa5931c4034698f02b5b969dca284022", "fullName": "day34.test_01_sample#test_bing", "labels": [{"name": "parentSuite", "value": "day34"}, {"name": "suite", "value": "test_01_sample"}, {"name": "host", "value": "DESKTOP-62KL67C"}, {"name": "thread", "value": "7660-MainThread"}, {"name": "framework", "value": "pytest"}, {"name": "language", "value": "cpython3"}, {"name": "package", "value": "day34.test_01_sample"}], "titlePath": ["day34", "test_01_sample.py"]}