{"name": "test_confirmation_dialog[chromium]", "status": "failed", "statusDetails": {"message": "AssertionError: Locator expected to have text 'You pressed OK!'\nActual value: You pressed Cancel! \nCall log:\n  - Expect \"to_have_text\" with timeout 5000ms\n  - waiting for locator(\"#demo\")\n    9 × locator resolved to <p id=\"demo\">You pressed Cancel!</p>\n      - unexpected value \"You pressed Cancel!\"", "trace": "page = <Page url='https://testautomationpractice.blogspot.com/'>\n\n    def test_confirmation_dialog(page:Page):\n        page.goto(\"https://testautomationpractice.blogspot.com/\")\n        # page.on(\"dialog\",lambda d:d.accept())\n        page.on(\"dialog\", lambda d: d.dismiss())\n        page.locator(\"#confirmBtn\").click()\n        page.wait_for_timeout(3000)\n    \n>       expect(page.locator(\"#demo\")).to_have_text(\"You pressed OK!\")\nE       AssertionError: Locator expected to have text 'You pressed OK!'\nE       Actual value: You pressed Cancel! \nE       Call log:\nE         - Expect \"to_have_text\" with timeout 5000ms\nE         - waiting for locator(\"#demo\")\nE           9 × locator resolved to <p id=\"demo\">You pressed Cancel!</p>\nE             - unexpected value \"You pressed Cancel!\"\n\nday28\\test+01_dialog.py:27: AssertionError"}, "parameters": [{"name": "browser_name", "value": "'chromium'"}], "start": 1767185818582, "stop": 1767185832643, "uuid": "0a9224cf-74f6-4d25-b05b-24d711d7b1af", "historyId": "c2cb3c803a7917216b16c5d1c68617a7", "testCaseId": "91df84b3746bcca72bf1ddebe32ea557", "fullName": "day28.test+01_dialog#test_confirmation_dialog", "labels": [{"name": "parentSuite", "value": "day28"}, {"name": "suite", "value": "test+01_dialog"}, {"name": "host", "value": "DESKTOP-62KL67C"}, {"name": "thread", "value": "19916-MainThread"}, {"name": "framework", "value": "pytest"}, {"name": "language", "value": "cpython3"}, {"name": "package", "value": "day28.test+01_dialog"}], "titlePath": ["day28", "test+01_dialog.py"]}